<?xml version="1.0" encoding="UTF-8"?>
<!-- Generated by org.testng.reporters.JUnitXMLReporter -->
<testsuite ignored="0" hostname="QA1082" failures="0" tests="3" name="Google Test" time="11.342" errors="0" timestamp="2024-06-22T12:58:20 IST">
  <testcase classname="testNGSessions.Day27.MyTest.Day28_RegistrationPageTest" name="registerTest" time="2.696"/>
  <testcase classname="testNGSessions.Day27.MyTest.Day28_RegistrationPageTest" name="registerTest" time="2.294"/>
  <testcase classname="testNGSessions.Day27.MyTest.Day28_RegistrationPageTest" name="registerTest" time="2.287"/>
</testsuite> <!-- Google Test -->
