<?xml version="1.0" encoding="UTF-8"?>
<!-- Generated by org.testng.reporters.JUnitXMLReporter -->
<testsuite ignored="0" hostname="QA1082" failures="0" tests="5" name="OpenCart Test" time="17.902" errors="0" timestamp="2024-06-22T12:00:47 IST">
  <testcase classname="testNGSessions.Day27.MyTest.OpenCartTest" name="LoginPageLogoTest" time="0.165"/>
  <testcase classname="testNGSessions.Day27.MyTest.OpenCartTest" name="LoginPageTitleTest" time="0.893"/>
  <testcase classname="testNGSessions.Day27.MyTest.OpenCartTest" name="LoginPageURLTest" time="0.057"/>
  <testcase classname="testNGSessions.Day27.MyTest.GoogleTest" name="googleTitleTest" time="0.034"/>
  <testcase classname="testNGSessions.Day27.MyTest.GoogleTest" name="googleURLTest" time="0.031"/>
</testsuite> <!-- OpenCart Test -->
