<?xml version="1.0" encoding="UTF-8"?>
<testng-results ignored="0" total="1" passed="1" failed="0" skipped="0">
  <reporter-output>
  </reporter-output>
  <suite started-at="2024-08-24T14:58:41 IST" name="Default suite" finished-at="2024-08-24T14:58:53 IST" duration-ms="12484">
    <groups>
    </groups>
    <test started-at="2024-08-24T14:58:41 IST" name="Default test" finished-at="2024-08-24T14:58:53 IST" duration-ms="12484">
      <class name="BuilderPatter.RegistrationPageTest">
        <test-method is-config="true" signature="setup()[pri:0, instance:BuilderPatter.RegistrationPageTest@1b1473ab]" started-at="2024-08-24T14:58:41 IST" name="setup" finished-at="2024-08-24T14:58:48 IST" duration-ms="7403" status="PASS">
          <reporter-output>
          </reporter-output>
        </test-method> <!-- setup -->
        <test-method signature="userRegistrationtest()[pri:0, instance:BuilderPatter.RegistrationPageTest@1b1473ab]" started-at="2024-08-24T14:58:48 IST" name="userRegistrationtest" finished-at="2024-08-24T14:58:53 IST" duration-ms="4693" status="PASS">
          <reporter-output>
          </reporter-output>
        </test-method> <!-- userRegistrationtest -->
        <test-method is-config="true" signature="tearDown()[pri:0, instance:BuilderPatter.RegistrationPageTest@1b1473ab]" started-at="2024-08-24T14:58:53 IST" name="tearDown" finished-at="2024-08-24T14:58:53 IST" duration-ms="280" status="PASS">
          <reporter-output>
          </reporter-output>
        </test-method> <!-- tearDown -->
      </class> <!-- BuilderPatter.RegistrationPageTest -->
    </test> <!-- Default test -->
  </suite> <!-- Default suite -->
</testng-results>
